Build started 28/11/2014 09:57:30.
     1>Project "c:\Users\Peleg\documents\visual studio 2010\Projects\dsds\dsds\dsds.vcxproj" on node 2 (build target(s)).
     1>InitializeBuildStatus:
         Creating "Debug\dsds.unsuccessfulbuild" because "AlwaysCreate" was specified.
       ClCompile:
         All outputs are up-to-date.
         C:\Program Files (x86)\Microsoft Visual Studio 10.0\VC\bin\CL.exe /c /ZI /nologo /W3 /WX- /Od /Oy- /D WIN32 /D _DEBUG /D _CONSOLE /D _UNICODE /D UNICODE /Gm /EHsc /RTC1 /MDd /GS /fp:precise /Zc:wchar_t /Zc:forScope /Yu"StdAfx.h" /Fp"Debug\dsds.pch" /Fo"Debug\\" /Fd"Debug\vc100.pdb" /Gd /TP /analyze- /errorReport:prompt dsds.cpp
         dsds.cpp
       Link:
         C:\Program Files (x86)\Microsoft Visual Studio 10.0\VC\bin\link.exe /ERRORREPORT:PROMPT /OUT:"c:\users\peleg\documents\visual studio 2010\Projects\dsds\Debug\dsds.exe" /INCREMENTAL:NO /NOLOGO kernel32.lib user32.lib gdi32.lib winspool.lib comdlg32.lib advapi32.lib shell32.lib ole32.lib oleaut32.lib uuid.lib odbc32.lib odbccp32.lib /MANIFEST /ManifestFile:"Debug\dsds.exe.intermediate.manifest" /MANIFESTUAC:"level='asInvoker' uiAccess='false'" /DEBUG /PDB:"c:\users\peleg\documents\visual studio 2010\Projects\dsds\Debug\dsds.pdb" /SUBSYSTEM:CONSOLE /TLBID:1 /DYNAMICBASE /NXCOMPAT /IMPLIB:"c:\users\peleg\documents\visual studio 2010\Projects\dsds\Debug\dsds.lib" /MACHINE:X86 Debug\dsds.obj
         Debug\stdafx.obj
     1>dsds.obj : warning LNK4075: ignoring '/EDITANDCONTINUE' due to '/INCREMENTAL:NO' specification
         dsds.vcxproj -> c:\users\peleg\documents\visual studio 2010\Projects\dsds\Debug\dsds.exe
       Manifest:
         C:\Program Files (x86)\Microsoft SDKs\Windows\v7.0A\bin\mt.exe /nologo /verbose /outputresource:"c:\users\peleg\documents\visual studio 2010\Projects\dsds\Debug\dsds.exe;#1" /manifest Debug\dsds.exe.intermediate.manifest
       FinalizeBuildStatus:
         Deleting file "Debug\dsds.unsuccessfulbuild".
         Touching "Debug\dsds.lastbuildstate".
     1>Done Building Project "c:\Users\Peleg\documents\visual studio 2010\Projects\dsds\dsds\dsds.vcxproj" (build target(s)).

Build succeeded.

Time Elapsed 00:00:02.81
